252
1996 12
30382 63868 73587 26562 15683 24317 69113 33775 67027 34632 40074 83088 
9566 10
52477 57624 65721 48216 76358 44518 60741 85657 3302 41865 
69 13
61389 68154 51531 84681 86023 24952 65739 92147 5808 11810 61912 52387 35067 
9629 17
76914 33547 63036 87028 69054 51633 13258 29531 18160 50041 56195 88717 60819 1721 30591 37812 8705 
9926 19
60582 88696 93284 90990 60362 71798 78372 83446 47992 61502 56215 85636 31119 84581 64989 28125 81947 96756 51440 
7407 17
71967 84012 19051 99915 65910 88573 17054 56070 58136 75113 18397 5091 72956 90246 64217 46170 41471 
5427 14
25335 48764 78939 92912 33340 16191 60495 95337 75811 28677 37203 70834 13678 96387 
6218 16
28704 99660 71790 9772 18018 21458 11167 26004 97296 70536 66609 93996 36207 78879 52549 90010 
54 16
67037 84312 25896 13920 66803 72890 42403 52778 1443 50638 97254 81349 16396 49211 24468 30585 
75 12
72551 43652 28823 22522 43815 92243 80304 45665 65236 19632 28878 90752 
6857 15
15612 86137 18415 61611 70698 716 20089 62817 68854 63757 86539 59017 98015 87451 9302 
5555 16
43114 41617 26780 15588 5128 48511 40617 72557 77368 44824 52666 43089 53231 21604 3773 88406 
1551 19
57630 56068 37223 9404 57225 8504 4790 2684 97317 68416 88606 44066 60973 97265 34746 12481 51535 41567 21609 
643 18
80377 73064 23442 87427 71602 81916 65144 55374 62582 28243 99460 16021 4375 39678 84711 1126 8537 36961 
6851 20
7601 88250 6744 10565 53761 4614 88064 75447 29042 34749 67363 13616 20274 58695 75112 19728 13606 80767 89482 10621 
2786 14
37310 15562 29626 88803 99560 10714 7537 53376 38790 72419 55427 25368 27246 34993 
3408 10
37749 60133 75755 52769 90131 1900 3429 72808 31704 56881 
240 20
55689 37891 72409 49892 21367 95355 1622 88217 76863 73126 54767 43496 69382 14528 76683 90766 28567 15674 69742 63303 
9689 14
52717 16618 25065 24717 82941 57232 92443 20901 99959 26460 41822 99017 52173 99039 
2730 20
18560 63811 35101 60416 66784 71854 70104 76645 91768 12548 54344 67025 18595 27652 40990 13444 93833 17174 48575 8906 
7586 17
84757 80378 13396 79659 49041 72084 8613 27731 73573 79780 65559 34950 95048 46510 27049 18042 9314 
4609 10
45675 27165 18618 64112 14716 88403 23197 31435 4505 98779 
1318 20
30334 99962 14868 53550 80494 57100 10334 95654 15196 98679 61901 55870 81761 31460 29097 44748 97398 33648 49411 82763 
3840 15
96164 16237 5334 57288 77180 16075 82945 78316 22963 81718 85873 35383 99721 87178 21985 
689 17
32873 68624 1684 96861 16153 94276 23254 49548 18401 41102 83589 25651 44581 39002 16470 83528 35758 
9126 11
87725 93125 95054 7305 5255 50558 8598 92754 5381 64529 69043 
8738 17
34438 20614 68221 1081 46844 42857 89237 2052 92795 33701 88550 485 69069 47390 10840 36519 41936 
7647 10
85014 68095 29782 85007 64308 23892 30432 48307 42261 23555 
998 19
87016 84235 528 88412 5972 10341 71692 13501 94734 62563 73761 57320 47320 48139 75094 84043 89149 62403 47095 
1113 13
51111 68200 5952 52266 71738 92130 56563 29243 70689 87168 78953 47297 36323 
322 14
37233 86071 41345 22915 26229 52127 65870 72500 6746 11553 24630 98762 96607 47789 
7370 17
8449 1927 62651 51133 4885 35996 55520 90693 42726 82378 40079 90353 7630 30860 71647 68464 7984 
7199 14
24487 45151 27031 63115 60924 74428 61915 68792 12935 62380 76608 38452 51920 14 
8972 18
22086 75702 14273 71802 41535 5849 30077 17654 51830 16737 20421 62478 53092 85864 73211 45606 10030 77649 
6273 13
857 43226 75959 12488 97091 76040 62490 95368 12008 64713 60312 5951 12290 
2347 20
34633 76329 154 56651 73655 12833 97212 15830 81311 68990 34009 27492 18376 90660 5867 36611 58160 25196 52967 5826 
8976 20
99108 935 11277 65931 89239 74851 53060 12849 78872 73120 10516 7834 3108 64180 33228 82073 43847 99779 51487 6077 
385 19
27961 64935 85030 75198 20230 89658 79563 46061 71824 10430 19789 10835 62077 29176 2855 9421 43379 78224 35746 
9959 14
4214 58183 7285 44815 52749 26480 38560 9752 77174 14715 96191 6915 20609 98864 
8428 16
78117 13466 31962 36602 98176 92951 24258 99270 90875 39847 71008 93641 11796 92701 47424 33681 
2276 15
16594 88880 49600 40974 53887 39529 60061 28198 83080 75298 80809 50057 59168 43859 22235 
9679 12
44680 72076 14328 40355 29676 47337 95311 15921 99983 5315 21988 57609 
4208 15
47545 53383 65336 53764 85074 3478 80713 72542 11273 77200 79637 10595 87539 67397 67349 
8033 18
2919 8024 90525 38348 44501 88568 29245 46948 55854 41502 99271 73056 64948 85106 26887 68909 86261 87991 
8973 20
76599 52515 8089 94822 80592 18526 32010 72550 35726 20203 75414 54002 42555 6258 65888 82094 3804 16911 43139 103 
4343 10
98181 6854 2801 51840 27144 14267 30423 98499 63682 7638 
8456 18
82828 3184 63525 35882 22327 75132 99130 26636 81486 92738 27441 82417 586 15356 4362 56892 57733 12378 
2509 10
14228 44888 15991 42915 2006 72907 17423 63796 16645 99990 
9422 15
31735 41978 50055 23606 4635 52134 95760 48424 23360 737 2232 25135 34752 16162 87083 
3650 12
19999 19126 43650 9220 35380 59147 61795 53189 54281 84273 13681 84962 
9806 20
3034 7833 27565 5897 66069 66792 23799 91531 48636 63040 51194 25166 32539 75753 17347 90405 26491 45685 5999 49240 
2926 15
54429 40328 65807 38518 73405 71063 64459 40243 766 79790 1535 3508 43807 58374 28810 
9161 12
28820 86004 22360 58675 49589 88825 43394 48675 27959 63463 59598 49010 
6535 11
82449 90022 41789 58169 86490 73654 47292 85998 36114 87029 37635 
3785 17
40279 45841 56971 66502 59935 22833 57074 50592 87922 31957 83734 92936 35220 10155 78712 16133 74589 
165 19
70232 77458 56855 28355 37089 6338 82111 76135 81958 78600 57068 71402 78531 77356 91426 51720 33518 88798 29967 
5664 19
90558 48407 99451 46966 62042 59453 89379 79939 64089 71750 23238 92874 56387 74449 23990 26666 47216 35355 6082 
7629 11
46107 84700 58322 92782 45340 41662 63511 85034 75518 29847 44723 
6235 20
54675 98310 2510 89751 51514 33564 21213 14188 78483 27975 20599 23126 10813 67868 16201 74048 89434 85956 44347 43368 
3298 13
44067 56286 84182 84332 84479 68128 53145 79524 95305 5825 66225 61259 27977 
6833 13
66898 58466 34697 61538 19467 83173 17035 98776 98092 18881 133 18372 96624 
4707 13
51038 61388 66824 22690 19297 60478 95990 17278 26328 32447 43031 85339 52851 
9250 14
64333 91350 85035 44363 81473 22362 56990 26902 40283 47229 50572 401 36413 13243 
3393 13
89700 52569 80043 66582 53682 39087 83028 55160 87456 17335 38047 63426 14312 
1068 12
33363 71841 54924 3180 82480 43056 51243 37593 54784 94162 58139 4131 
5142 12
89850 85622 72067 21438 72353 56963 94670 25283 94091 84764 38870 98935 
645 13
84181 55001 98599 29121 18510 6448 19778 41048 3243 26267 47155 34872 35601 
359 13
13565 52966 82630 76634 29604 62847 30292 41001 39537 81152 80041 1038 49664 
6352 18
42358 31336 45271 49638 61506 34590 27570 65044 40118 66726 43860 95531 23511 38972 64329 42176 77842 3993 
5934 12
43197 2096 25573 93200 83879 83038 784 70280 20981 42818 10181 61008 
1812 20
90159 89310 81393 52135 40192 89741 97811 38890 66766 85113 78702 53322 87752 86931 87679 65584 26813 54479 78892 52496 
7142 16
14558 43691 35387 19387 69766 72642 5224 61807 1585 27558 67052 76010 51013 98014 31774 1536 
6558 15
92724 1310 29905 13742 92593 32443 55430 38168 8947 35358 57102 63398 39113 18817 20371 
5017 20
1990 71607 33967 20467 31031 62360 90077 54423 90889 4977 17889 46805 85280 97297 8655 4919 27933 4551 6203 33319 
4604 13
82423 12035 96775 63847 97600 66708 2724 98772 43924 39649 41997 15376 5038 
9249 18
42290 77057 85493 5205 77217 45327 20760 80125 10290 82320 46240 39161 45659 8408 53510 61718 26252 86535 
2007 19
81808 68230 41736 90276 15539 71235 34283 38015 9537 8237 86760 31316 65964 12360 97125 25632 35018 61414 33004 
2044 20
29958 39554 69029 71861 27066 89068 25945 63471 64546 92294 79761 7230 69976 59429 90947 34336 2766 73699 63723 84863 
2900 12
63775 64218 51805 28661 71673 15207 47321 5624 8159 314 21725 42158 
6385 16
98745 10866 97321 74546 96401 73316 91028 60313 62682 63976 27684 84616 43475 93346 21740 63619 
6370 20
33734 88380 46583 427 32239 37690 34253 18097 91160 32566 93433 94898 93870 3501 84683 48312 43840 60385 40362 25601 
5828 19
31959 92313 83035 82543 38708 26996 26011 99593 32761 19665 96799 8329 81474 3214 74067 6750 86146 71257 93889 
4868 11
71536 60537 84747 29978 26822 34537 98677 43937 18871 93489 83325 
3659 11
90038 26962 34572 92167 93110 31524 10369 49798 39074 90912 81871 
5444 18
10256 61132 20854 3652 18930 47063 84560 98166 48021 6503 49271 18787 2622 53417 33361 65462 17988 48914 
3218 14
97500 37840 95143 59691 5162 1010 52401 23072 46846 86848 23405 55521 84101 65795 
7753 19
54794 20565 40904 93271 61078 1329 30923 77982 92741 91502 49273 66184 80803 42937 51085 98850 73238 58291 86372 
7343 13
31099 30079 40618 23372 74988 41362 54622 40902 60078 80542 50309 46001 57678 
1927 15
40567 86437 73243 91736 23592 23729 3347 37925 57500 25473 77772 33481 45031 32340 27236 
5023 17
71227 57179 42712 32205 66078 8667 54788 85676 13803 72850 31201 82184 73933 50887 90649 87136 44869 
1587 17
60721 45594 11356 32324 14232 48070 24065 41283 70705 28079 94412 58081 12880 62849 92483 54053 51741 
5094 17
82605 42126 66827 59218 68166 73576 49277 45437 35863 35148 67580 88548 80524 4146 24566 34413 64846 
4300 16
67648 39613 31061 16592 31821 24425 14456 3956 46790 40386 64394 76046 54399 11033 70905 36569 
7392 10
14046 31634 57124 99762 61742 41434 12413 29265 6165 53723 
518 20
77077 46188 18559 96228 72282 61006 28857 87760 15787 49205 39438 91668 45991 77244 23081 83144 2479 50495 17225 58061 
3338 18
79349 81041 50358 92852 7264 73016 75423 42090 2571 52575 88522 96339 38233 95500 6544 18208 57310 29527 
3158 12
36749 31781 32626 16439 63923 77539 37816 35969 62763 65580 74000 45045 
7466 13
16046 20898 13826 71446 58751 92083 13300 24447 85827 87747 38969 39625 55929 
9600 18
84139 64856 87758 69973 48526 67015 29343 92817 19053 99091 53341 35134 78409 77425 84785 36851 83775 56260 
858 10
48049 78640 23842 16748 54890 22934 26965 83065 56199 64479 
8180 13
95481 61325 28946 41992 78188 54818 52039 9612 2533 75155 65147 50585 98201 
9190 20
96357 1958 45448 64270 18878 19799 36270 50787 26855 69650 73766 50452 36196 52626 81730 85464 6343 82163 37077 30253 
5006 20
54408 54828 50106 68314 43268 21514 30427 91079 53649 6050 25614 12938 18289 57867 64415 76702 46101 95257 35815 39830 
1008 17
57938 78515 13092 96445 51508 27054 27777 31576 49419 78428 2818 65480 52669 95842 84098 56557 16964 
4819 10
31965 81331 90984 557 60756 75208 60731 99325 84548 26213 
2621 9
36375 11533 98977 80245 64707 17450 39545 91131 26623 
5390 20
1629 26973 91957 41659 46059 96555 76674 98409 37734 9937 80485 5053 65140 61675 83944 32506 75021 41223 6763 41258 
2187 15
58501 50471 71719 90785 64298 81748 99474 74771 37181 58897 33483 24285 29389 36303 94012 
5229 11
77406 40749 70500 92779 40015 22332 70909 45569 23585 46851 33429 
1181 11
5320 29214 27377 28042 4193 28899 83554 92124 12567 78261 74718 
1231 9
24078 67879 84602 69045 93993 90934 46637 95083 50913 
9521 10
95985 55020 18293 35008 13325 88757 93273 29728 35497 94174 
6477 11
54594 93840 34387 3333 73936 7617 30083 93482 30467 10324 55151 
5840 11
12494 39061 70067 7708 27613 9233 8068 18131 15468 62095 7579 
4741 14
60103 88558 56904 7262 14982 46894 79541 30807 40058 11211 68621 77687 79975 29095 
7734 19
95387 92277 95683 76638 73853 108 42257 25989 59922 16254 60539 23806 12479 47672 90738 41152 70372 96541 10068 
1463 17
80195 57434 93555 65170 3321 88137 33650 38005 55955 23948 39425 55163 84897 62003 83059 27997 32396 
4037 14
98773 10238 57868 36940 47427 81436 84441 54646 25943 37484 15345 90516 79528 56820 
2366 15
77114 65455 49331 1973 51078 60684 39807 1659 49368 15075 93864 78503 31925 6938 90125 
3470 15
20558 98740 83206 73037 46955 33836 78132 77800 56067 88324 41087 72116 20222 44068 23632 
6694 13
29563 78535 51500 93434 34659 95283 87237 8661 71961 27826 47023 6928 81013 
2131 19
39127 40821 96117 58267 57250 32293 28303 63610 30118 96149 83882 5323 4950 49793 98680 60033 35568 99241 70660 
1596 15
79620 43430 75356 60540 25014 30880 29111 76098 99733 15116 66979 11141 5745 19531 2125 
4658 13
46938 2774 7438 89209 87964 9414 12533 71242 96044 2620 23080 39637 19343 
9614 10
10899 83437 81235 74250 64146 7825 29772 97583 35009 5167 
4820 12
16363 44794 51353 47110 76438 23528 34392 41889 7553 98860 33462 59744 
1134 18
97847 75431 25465 54712 98064 23881 74091 20869 56435 73491 64372 30164 23150 92712 99114 86112 98053 58042 
1907 11
20878 48874 51976 46720 32833 60202 23642 17083 99838 80149 87661 
713 16
76825 61069 40408 3566 91155 28713 45387 49475 28565 82198 32643 96448 89016 8217 52742 74248 
8524 17
49198 72968 17897 74016 20895 35140 21150 57504 43774 88200 63307 11323 1256 47402 71904 14017 55501 
2373 19
92511 99184 91996 57460 60194 5275 42763 81065 90410 29834 80114 79075 60599 80700 56102 90475 33766 12505 2562 
426 11
48728 5242 69733 49744 6427 63707 89569 34598 47318 98210 44266 
6651 15
97922 17235 75521 51614 71387 21468 47244 74736 24752 52850 42422 56279 10564 34061 60822 
4991 12
94539 71099 11289 6206 8806 32386 29939 65955 12143 40319 65617 99227 
3229 15
99601 45433 43290 25510 14939 60149 43248 45081 10429 35511 9100 76434 96380 65445 74019 
3682 16
60921 13780 4716 26532 98236 4708 60112 90721 16664 42226 35033 72719 10616 39526 62604 31207 
9781 12
72280 12902 80745 41292 81815 78276 66930 28096 48639 34317 47602 23325 
2826 17
42833 27319 94735 69989 96238 65409 22339 89284 769 37111 6595 52052 9304 17651 40478 8700 42370 
3327 13
91558 56706 47152 43911 85246 43851 27207 74246 90583 4612 23936 31096 42854 
3163 19
41984 60958 20642 24492 38375 39621 8824 26781 61612 96248 37797 94062 44178 2141 85243 18068 41173 62759 71380 
7280 15
80899 6392 93565 38742 1658 24479 5116 55355 35081 2535 88372 35778 5917 4380 86327 
988 12
44001 6369 94636 63674 680 30576 51099 82782 79548 60135 5653 25124 
1817 11
17796 47886 79166 83564 54196 96901 86213 71909 31560 81138 5211 
8450 19
48365 65968 28509 74610 52759 25301 24474 12668 42454 60389 44254 28983 48071 32778 18541 14602 46318 96231 40969 
1870 17
36793 17983 60250 32814 93475 7120 92192 81883 92179 97204 46532 47604 9367 74884 772 65523 92730 
4386 20
55589 76411 81146 63486 27770 25605 55159 51559 8144 74910 53983 20278 58984 1441 41768 41057 51286 70149 2757 50686 
2831 18
93596 15419 93973 22273 38304 98578 47150 45097 28660 27785 44596 19327 95479 34178 87748 23139 3628 82123 
1526 18
49380 55383 50207 60687 46236 32302 6366 17543 22533 76068 90084 52941 32737 69806 69094 97275 75968 9957 
9732 19
34279 70399 68587 25547 45457 46395 59657 91031 14832 27469 30621 23745 16150 21619 5122 97489 97694 23923 50564 
6112 19
21317 87586 57834 95722 96465 1051 40142 54018 78666 6901 47382 13248 31668 61716 27539 86659 95625 93072 71160 
8408 19
9756 16222 31076 23569 13455 63077 27938 35896 40222 47632 3312 82975 23584 5279 4098 69966 37821 22006 46750 
1764 19
47404 44025 65649 11406 54107 77315 20779 14379 64281 13065 56196 21325 56985 56758 12587 48550 14640 65781 12597 
4255 20
81866 86820 56287 86341 72649 86205 43634 64636 77860 30433 96564 4701 67242 99761 82795 26711 80831 49819 63616 36939 
5172 20
51447 57499 4624 78612 70466 52269 6742 17102 52564 57587 40985 22553 863 71104 45727 8430 24432 67828 5955 32583 
1401 20
21662 36831 18325 32087 99567 40839 88283 25313 59882 89744 35776 650 63603 33765 10209 4430 85309 63672 77727 41249 
4271 20
16292 43577 24347 20987 26395 61454 18754 12340 34348 68113 48279 11583 44465 54256 86717 29450 71604 49633 28379 1111 
1542 20
48422 32276 43483 37154 57961 88883 41059 53326 91068 41041 50781 35572 23501 47800 2698 74937 46442 86246 20852 25437 
5294 19
87435 95852 78911 93228 78899 16698 77661 80627 98765 42723 24523 35912 28350 22848 93883 99504 48438 22139 48322 
9582 20
80930 79771 91380 49047 71517 84645 18295 65333 72460 62732 76051 38096 57117 15781 75325 82593 26027 72058 68781 25539 
2829 19
77091 27028 91436 60182 74154 85080 9546 8252 41562 13207 97508 91369 85274 82823 97725 56084 85013 52043 96141 
6910 20
1819 1461 29866 84035 24360 92039 34096 77514 68231 29904 15916 59656 83844 15432 42546 74100 30148 79901 72794 10629 
1959 20
33065 66986 79779 37814 92586 15504 37462 8816 30360 6488 65440 30904 26841 80465 40740 78377 22070 58849 2558 26926 
7197 19
33752 79354 40527 45087 9789 70548 60373 57881 37221 35493 57825 50884 22905 29183 47711 32052 85002 23852 17486 
5287 20
25182 28737 85930 45300 80276 27536 3206 10141 84768 69034 3028 70320 7137 74984 74627 8987 25386 61540 6389 78017 
1670 19
93037 3093 23129 68278 68239 9793 63980 38845 51718 56610 2236 1764 16775 74694 68138 71716 3253 76288 4625 
2935 19
79361 13418 34906 75105 91478 37916 29005 89387 84668 37879 44126 89879 34047 94414 14544 7784 63695 68413 1992 
5065 18
32542 28614 40458 9950 71471 311 6870 20130 3096 69453 75917 99038 63892 77520 71880 28703 89812 99758 
7339 20
77692 95078 53848 47960 18156 43162 2107 32093 28568 37395 32405 56101 29228 27500 5671 29480 72783 78398 50903 99861 
2631 19
28844 95646 53154 27196 41551 48846 91910 46628 98470 51443 72913 92325 86463 39248 49839 63405 11334 72613 30747 
9487 20
24335 64606 42850 62805 32525 32426 98040 76083 26750 6038 75819 54543 30970 32950 2958 75389 35812 72923 9282 52169 
1598 19
11607 13254 38763 51557 10902 64519 30557 38745 93254 9729 34493 79514 11831 76495 56326 3331 17390 57788 81280 
9692 17
991 12574 90107 94674 59362 89000 4046 53196 17138 49181 6893 38246 70740 10196 45235 44492 95232 
7901 19
10970 29395 83517 26579 58602 29644 57830 51089 57998 2992 46423 83308 99186 18318 80845 88339 16893 72008 88594 
2595 19
68600 24051 74434 65394 6211 14294 53077 47277 7402 43589 89403 20237 37988 99774 85163 21527 32210 58789 4574 
1424 19
35687 62620 5751 75603 74316 70030 18512 88092 60367 503 37377 82775 78366 75658 88949 88912 43196 32595 76808 
3454 19
61351 98346 52330 32422 4898 19304 7321 79703 31384 65309 65984 65362 84783 19732 34871 9148 65778 55062 68136 
2493 20
33551 79579 4729 43399 39918 33432 63953 32355 74389 48818 42085 15829 40108 95617 35806 8519 57871 76814 83473 58246 
1478 19
29736 81910 56764 95287 59763 21990 29280 16091 11030 70272 40915 94114 89956 99281 44076 3165 94760 16541 88154 
1750 20
18814 80077 97517 91723 91749 62902 74833 84480 70715 28733 68603 68908 10305 11023 64392 7149 41618 54370 3419 44587 
8407 17
73812 1674 32342 71975 35536 24530 49023 13322 58976 61032 43528 53003 90837 553 71533 36215 29682 
904 17
1135 16486 26397 97527 64466 31208 62617 53568 86297 37057 44808 71323 90569 7538 24713 96928 28012 
3120 20
63599 45779 89957 86000 70284 807 99902 3756 72215 41195 54200 92494 80761 74725 82105 81665 75149 16260 95577 85769 
661 20
48941 87312 32402 83190 46618 77606 50977 25973 15297 26557 49350 31489 55860 41272 44823 15973 86001 9112 5110 66405 
8046 20
19009 1801 53710 47686 67877 80588 70965 59572 93679 13731 35624 53756 23451 70753 48638 89532 9462 52846 51652 16932 
2560 19
47035 50332 87694 47585 42077 98687 34286 9355 3919 90653 30532 46678 23625 36243 53012 57157 54891 12033 61536 
3597 19
40462 30212 95110 15572 44464 11413 10118 37962 76133 90138 43181 26650 84345 90342 82493 12667 73670 55285 59146 
3928 20
1040 11109 99984 79929 30902 32229 67684 81414 20790 98055 45529 94388 36372 15018 75480 76960 27612 41979 49155 88388 
5763 20
78572 71306 24823 68800 59364 66108 94605 53371 59160 95236 63137 86642 69478 66230 53009 37166 75194 76502 26444 25576 
1364 20
46785 61473 9703 53457 22118 67215 6637 5480 50191 16602 35016 83629 13278 36175 7442 78179 43337 18075 95115 31631 
9029 19
8174 21238 93249 14741 86492 90513 67385 73968 87109 15784 54927 15282 67865 15325 9474 63312 16128 76134 26710 
5621 19
52140 32620 19098 7845 60026 4633 27127 12746 14822 59919 91081 45934 80098 78307 56717 34928 3209 28194 94534 
4139 19
37278 15677 4532 29502 99384 98735 54109 56378 66706 30583 22546 17427 31160 31040 81556 58217 49140 42697 88407 
3015 20
55366 59103 18432 34807 94206 34244 44696 84758 4840 45093 56574 10788 45619 12014 50932 62459 60802 61320 57506 32227 
1949 20
24096 18968 82966 71256 98832 52845 2883 63589 5658 7767 96757 99572 99686 77607 75188 21318 29512 46254 41367 1416 
4188 20
55107 24790 78967 4685 65716 74653 48855 61295 3949 9443 98086 9776 42996 94512 95029 53254 61376 78816 40737 49469 
6727 19
3037 68367 169 46683 20419 27475 71129 89031 33345 9678 62815 33423 99493 35650 9975 53500 751 89985 99419 
5311 19
88308 47594 27 73422 85283 52285 82953 37385 75001 71301 41168 81510 56186 66267 5980 26765 40337 31674 76763 
4513 20
38479 63081 11304 49050 5672 47890 28662 88072 71928 77628 85018 52031 60769 4090 22984 40848 38189 48415 38979 60048 
251 20
42139 36247 41394 30980 2436 28038 36245 51726 88034 49704 43465 56930 68948 380 42849 6156 16364 30613 80354 96369 
9530 19
78919 59229 30646 46332 27657 65930 70247 94433 71577 72234 84206 5518 83438 3263 71665 3782 91234 8645 18334 
5073 19
73007 48921 1651 70780 17662 45208 41490 61732 36875 40888 10573 54000 21584 68016 30100 92389 1600 86595 46035 
3340 18
89643 82696 96673 54815 23964 77225 8177 76201 37866 7453 31484 66710 34884 64382 45755 46621 33191 1489 
3169 19
81404 68833 21488 88523 47381 91815 27517 50325 39686 21040 45464 14258 55535 61712 27591 28600 83548 51699 97013 
9619 19
16869 67923 53603 97570 89384 74864 71889 81817 99231 63514 93670 94054 8715 4945 41545 22074 59750 33053 66905 
9242 19
49420 21470 74072 37102 78355 1941 54825 37862 89260 26479 52262 31590 10725 86748 42919 6430 33400 29313 3638 
4275 20
46631 60857 63686 80892 86342 47970 99148 21220 70417 71821 2809 4338 32042 39744 95189 86091 80800 93416 98905 92110 
9805 20
54566 205 53462 25462 3203 77204 55021 34639 60084 63350 85938 64975 69928 20438 82251 30928 61658 57977 23730 30299 
7219 17
30095 80035 10232 61498 83244 65577 8046 79025 99905 6933 52610 56374 81402 95844 76261 46688 10771 
5928 20
6437 89184 42070 6800 73704 58680 98020 16327 30727 58003 9901 70381 92971 71629 93169 46283 2104 82890 89660 48786 
9294 19
42080 72711 16973 96726 23597 68640 97076 42870 89243 7009 57516 37909 747 37479 48181 54341 87581 33522 57295 
6008 19
29920 45867 5250 34661 11410 84551 87851 79165 43410 24401 60417 96729 54791 36282 49132 29348 34879 80558 14507 
2054 20
92636 91659 1710 6185 27668 44097 85047 64013 64706 45711 15150 57039 78222 78287 80293 59767 94677 2201 93387 38213 
5057 18
98302 35107 51615 26128 52320 92737 91836 37004 20724 27485 37723 10394 30101 56288 69573 56493 54671 27927 
6134 20
88845 8314 20223 28511 59575 15130 15983 16441 83989 14464 46847 72197 54442 58272 21341 84770 53746 3 93362 17304 
976 20
25452 69105 89648 84913 20915 2565 61575 79713 78129 70061 27399 92649 96395 40726 7768 3121 3485 61758 1581 84408 
7815 18
29279 83165 82861 56576 21168 9755 79735 5927 47844 48124 13176 90719 6691 65395 99502 35113 90067 69558 
8834 20
27790 33122 26969 32461 94166 47838 28952 15140 20112 94079 24810 57592 17043 29971 73288 27208 66250 80124 69488 47536 
1537 20
83836 48693 12074 77438 74527 97801 42729 91907 10681 61374 87307 33275 37321 69114 17099 72268 54007 2729 6451 86409 
9937 20
86547 93171 55483 32255 71638 19533 93635 66338 73695 16797 64210 23664 80087 8300 27017 67641 80626 93406 33274 65351 
417 20
1989 6910 94957 53611 54617 35858 275 15324 96586 66048 10368 24763 99685 93582 60189 47041 23860 42052 67351 95889 
7218 20
75619 53763 17868 42873 41014 91340 51664 46565 67526 32922 9385 10604 19101 45458 68180 21624 7404 49821 58235 88476 
5337 19
35646 73977 34927 64465 76649 89116 672 64741 78638 44852 25542 89207 91595 62762 39789 85424 21581 83241 24497 
6247 19
23903 93861 87397 68930 52998 13773 84919 97839 39781 43826 87127 1016 9586 82602 1267 17357 57766 80219 16436 
2442 20
98604 84503 25730 48399 73543 99505 48981 58775 27609 31444 48214 4533 40660 16400 72868 16842 69852 62385 96549 9663 
4413 20
20941 10327 3122 28378 49728 59260 7199 46770 14730 57058 20025 86589 84151 91694 32534 68090 37650 66666 7762 18639 
2468 19
67246 15132 59586 22455 50910 55111 48757 6745 76499 71515 58641 58943 82367 92160 64188 4270 97638 75860 44075 
5239 20
96215 93034 98401 60165 84253 40472 78457 72887 31060 60645 77807 77922 77815 48604 85295 32705 84030 20909 84346 99630 
6836 20
43972 7098 43887 2475 46021 73748 76334 9803 34777 35649 16538 60963 11927 8810 13539 44567 63685 47880 20434 39964 
7358 18
8226 6016 41726 81897 46729 65508 65619 36550 63957 45114 59605 34271 81543 47834 46203 67570 34122 88944 
8472 20
40905 96439 46723 37818 28863 71149 42765 52642 74540 99210 1120 47754 42883 88166 96632 87231 27105 15709 78122 31206 
2830 19
73779 43765 27169 2816 85802 50999 24754 93477 11521 52506 81508 66058 69904 2023 22923 62515 74125 3571 65030 
9269 20
86757 20210 9353 50815 26347 23676 93686 96352 76753 23128 37052 29253 59944 26592 19235 95977 17441 16975 57458 22497 
2643 19
72861 27112 92516 70175 14964 47531 46099 55530 38170 60587 47714 60965 31813 16944 88998 571 92984 19499 48641 
8696 19
35619 45104 44776 86267 17085 89554 3876 87902 24855 77630 82092 78115 2284 82577 94634 66416 42488 5076 65791 
19 20
57153 2596 41297 82303 77516 53043 53181 59697 34109 33832 31923 15417 289 10987 62074 45938 84845 50289 84320 54031 
7988 19
54800 11809 73737 29220 50143 77953 60842 56908 78125 74963 38340 99324 71914 73639 99652 92503 56061 52276 6005 
7484 20
30428 6999 499 97413 33899 74915 24604 1233 33011 62288 51693 35042 94567 31262 83090 68859 13048 89053 80159 27513 
6185 19
43886 10957 64503 26521 88182 94908 13777 85140 80553 39140 75533 1550 81670 50605 47875 53631 4259 92901 49168 
7287 18
31985 75752 35972 9724 70999 91452 56179 31373 51665 12943 47716 53773 35538 67875 18785 73935 41289 84244 
6020 19
38495 38747 65581 38092 37584 16329 6235 95373 7074 67998 25232 95225 141 35028 77779 46814 20367 55774 5209 
2195 20
79516 85567 21469 89775 67749 25329 64341 62410 42967 30283 21788 9115 59308 11111 13602 34559 462 53185 18650 31905 
7072 19
23190 95736 17708 39286 3659 96718 60880 95521 23931 52746 26289 80706 73842 28666 14344 90714 96889 97556 72820 
2922 20
32682 30076 45653 19408 42405 88220 72829 26814 75524 16526 33656 9446 87058 33208 76311 72305 62828 40862 51794 53663 
9618 19
98375 59376 62769 22615 69299 62320 89076 82354 44304 98974 33397 50619 25482 8646 9983 2458 4238 94777 84855 
8922 20
85397 77920 65273 41981 18982 44118 54162 39595 50624 20304 42017 66324 65981 21587 96594 67842 89647 3565 81571 84996 
9836 20
15151 78858 64956 79991 86374 32683 72558 92220 84746 85288 54368 65991 46523 10156 37094 34747 49563 32046 63244 93608 
7709 18
99195 24499 28069 69407 9816 71892 58854 6194 78733 23021 56021 67654 91415 53259 88615 70512 80735 37972 
9985 19
5474 86708 18118 352 81477 35989 4521 95315 81469 46976 43277 39791 57997 13262 94829 27065 44342 31641 71651 
6468 20
33024 70998 45359 52653 12308 38772 39842 6743 5418 29476 93445 60710 84678 2730 85490 43956 3664 15038 81275 68680 
8728 18
71936 35203 33260 69082 65433 50050 87702 56671 10134 74374 73194 74978 35881 72584 47730 18116 81479 15654 
1356 20
83283 52190 15920 73445 49706 77787 89796 40507 56979 61543 74453 1718 98328 70779 66975 63860 57786 7850 74656 13975 
4871 20
920 12492 79041 29616 52743 42134 10014 2030 11543 55914 58146 68337 17652 50357 83073 98377 18945 17164 66996 72701 
